<?xml version="1.0" encoding="UTF-8"?>
<!-- Generated by org.testng.reporters.JUnitReportReporter -->
<testsuite hostname="MFSPLLAP44" name="com.mode.TestNG.partners.AirtimeProvider" tests="16" failures="0" timestamp="23 Oct 2017 09:17:08 GMT" time="52.924" errors="0">
  <testcase name="selectAdmin" time="4.107" classname="com.mode.TestNG.partners.AirtimeProvider"/>
  <testcase name="checkerLogout" time="1.356" classname="com.mode.TestNG.partners.AirtimeProvider"/>
  <testcase name="submitRecord" time="3.684" classname="com.mode.TestNG.partners.AirtimeProvider"/>
  <testcase name="searchMaker" time="6.184" classname="com.mode.TestNG.partners.AirtimeProvider"/>
  <testcase name="register" time="2.135" classname="com.mode.TestNG.partners.AirtimeProvider"/>
  <testcase name="selectChecker" time="2.817" classname="com.mode.TestNG.partners.AirtimeProvider"/>
  <testcase name="selectingMaker" time="2.995" classname="com.mode.TestNG.partners.AirtimeProvider"/>
  <testcase name="approvalHistory" time="2.267" classname="com.mode.TestNG.partners.AirtimeProvider"/>
  <testcase name="view" time="3.410" classname="com.mode.TestNG.partners.AirtimeProvider"/>
  <testcase name="approve" time="1.350" classname="com.mode.TestNG.partners.AirtimeProvider"/>
  <testcase name="searchAdmin" time="6.144" classname="com.mode.TestNG.partners.AirtimeProvider"/>
  <testcase name="logout" time="1.432" classname="com.mode.TestNG.partners.AirtimeProvider"/>
  <testcase name="edit" time="5.864" classname="com.mode.TestNG.partners.AirtimeProvider"/>
  <testcase name="login" time="2.834" classname="com.mode.TestNG.partners.AirtimeProvider"/>
  <testcase name="checkerLogin" time="3.577" classname="com.mode.TestNG.partners.AirtimeProvider"/>
  <testcase name="auditLog" time="2.768" classname="com.mode.TestNG.partners.AirtimeProvider"/>
</testsuite> <!-- com.mode.TestNG.partners.AirtimeProvider -->
