<?xml version="1.0" encoding="UTF-8"?>
<!-- Generated by org.testng.reporters.JUnitReportReporter -->
<testsuite hostname="MFSPLLAP44" name="com.mode.TestNG.SystemUserTest" tests="21" failures="0" timestamp="21 Jun 2017 04:26:49 GMT" time="68.505" errors="0">
  <testcase name="selectMakerSystemUser" time="3.211" classname="com.mode.TestNG.SystemUserTest"/>
  <testcase name="approveSystemUser" time="3.422" classname="com.mode.TestNG.SystemUserTest"/>
  <testcase name="SystemUserCheckerLogout" time="1.441" classname="com.mode.TestNG.SystemUserTest"/>
  <testcase name="unblockSystemUser" time="2.756" classname="com.mode.TestNG.SystemUserTest"/>
  <testcase name="deleteSystemUser" time="0.396" classname="com.mode.TestNG.SystemUserTest"/>
  <testcase name="userMakerLogout" time="1.590" classname="com.mode.TestNG.SystemUserTest"/>
  <testcase name="systemUserAuditLog" time="1.821" classname="com.mode.TestNG.SystemUserTest"/>
  <testcase name="searchAdminSystemUser" time="5.047" classname="com.mode.TestNG.SystemUserTest"/>
  <testcase name="systemUserApprovalHistory" time="2.421" classname="com.mode.TestNG.SystemUserTest"/>
  <testcase name="registerSystemUser" time="3.238" classname="com.mode.TestNG.SystemUserTest"/>
  <testcase name="editSystemUser" time="3.909" classname="com.mode.TestNG.SystemUserTest"/>
  <testcase name="selectSystemUserAdmin" time="6.492" classname="com.mode.TestNG.SystemUserTest"/>
  <testcase name="blockSystemUser" time="2.728" classname="com.mode.TestNG.SystemUserTest"/>
  <testcase name="SystemUserCheckerLogin" time="3.426" classname="com.mode.TestNG.SystemUserTest"/>
  <testcase name="selectSystemUserChecker" time="2.456" classname="com.mode.TestNG.SystemUserTest"/>
  <testcase name="resetPassword" time="3.363" classname="com.mode.TestNG.SystemUserTest"/>
  <testcase name="systemUserMakerLogin" time="3.389" classname="com.mode.TestNG.SystemUserTest"/>
  <testcase name="searchcheckerSystemUser" time="5.108" classname="com.mode.TestNG.SystemUserTest"/>
  <testcase name="viewSystemUser" time="3.471" classname="com.mode.TestNG.SystemUserTest"/>
  <testcase name="systemUserSubmitRecord" time="3.708" classname="com.mode.TestNG.SystemUserTest"/>
  <testcase name="searchSystemUser" time="5.112" classname="com.mode.TestNG.SystemUserTest"/>
</testsuite> <!-- com.mode.TestNG.SystemUserTest -->
