<?xml version="1.0" encoding="UTF-8"?>
<!-- Generated by org.testng.reporters.JUnitReportReporter -->
<testsuite hostname="MFSPLLAP44" name="com.mode.TestNG.NewTest" tests="1" failures="0" timestamp="14 Mar 2017 12:20:24 GMT" time="15.062" errors="0">
  <testcase name="login" time="15.062" classname="com.mode.TestNG.NewTest"/>
</testsuite> <!-- com.mode.TestNG.NewTest -->
