<?xml version="1.0" encoding="UTF-8"?>
<!-- Generated by org.testng.reporters.JUnitReportReporter -->
<testsuite hostname="MFSPLLAP44" name="com.mode.TestNG.AccountTest" tests="21" failures="0" timestamp="21 Jun 2017 04:23:52 GMT" time="63.496" errors="0">
  <testcase name="viewAccount" time="3.463" classname="com.mode.TestNG.AccountTest"/>
  <testcase name="registerAccount" time="2.444" classname="com.mode.TestNG.AccountTest"/>
  <testcase name="searchAccount" time="5.150" classname="com.mode.TestNG.AccountTest"/>
  <testcase name="selectAccountChecker" time="2.390" classname="com.mode.TestNG.AccountTest"/>
  <testcase name="selectAccountAdmin" time="6.488" classname="com.mode.TestNG.AccountTest"/>
  <testcase name="approveAccount" time="3.047" classname="com.mode.TestNG.AccountTest"/>
  <testcase name="makerLogout" time="1.384" classname="com.mode.TestNG.AccountTest"/>
  <testcase name="deleteCustomerRecord" time="0.812" classname="com.mode.TestNG.AccountTest"/>
  <testcase name="accountSubmitRecord" time="3.608" classname="com.mode.TestNG.AccountTest"/>
  <testcase name="accountMakerLogin" time="3.178" classname="com.mode.TestNG.AccountTest"/>
  <testcase name="unblockAccount" time="2.674" classname="com.mode.TestNG.AccountTest"/>
  <testcase name="editAccount" time="3.795" classname="com.mode.TestNG.AccountTest"/>
  <testcase name="accountAuditLog" time="1.789" classname="com.mode.TestNG.AccountTest"/>
  <testcase name="accountApprovalHistory" time="2.330" classname="com.mode.TestNG.AccountTest"/>
  <testcase name="blockAccount" time="2.538" classname="com.mode.TestNG.AccountTest"/>
  <testcase name="accountCheckerLogin" time="3.535" classname="com.mode.TestNG.AccountTest"/>
  <testcase name="searchcheckerAccount" time="5.088" classname="com.mode.TestNG.AccountTest"/>
  <testcase name="selectMakerAccount" time="3.336" classname="com.mode.TestNG.AccountTest"/>
  <testcase name="searchAdminAccount" time="4.987" classname="com.mode.TestNG.AccountTest"/>
  <testcase name="accountCheckerLogout" time="1.328" classname="com.mode.TestNG.AccountTest"/>
  <testcase name="deleteAccountRecord" time="0.132" classname="com.mode.TestNG.AccountTest"/>
</testsuite> <!-- com.mode.TestNG.AccountTest -->
