<?xml version="1.0" encoding="UTF-8"?>
<!-- Generated by org.testng.reporters.JUnitReportReporter -->
<testsuite hostname="MFSPLLAP44" name="com.mode.TestNG.CustomerTest" tests="21" failures="0" timestamp="4 Jul 2017 10:16:58 GMT" time="90.352" errors="0">
  <testcase name="searchAdminCustomer" time="19.050" classname="com.mode.TestNG.CustomerTest"/>
  <testcase name="login" time="2.695" classname="com.mode.TestNG.CustomerTest"/>
  <testcase name="approvalHistory" time="2.286" classname="com.mode.TestNG.CustomerTest"/>
  <testcase name="approveCustomer" time="8.602" classname="com.mode.TestNG.CustomerTest"/>
  <testcase name="selectCustomerAdmin" time="2.637" classname="com.mode.TestNG.CustomerTest"/>
  <testcase name="unblockCustomer" time="2.667" classname="com.mode.TestNG.CustomerTest"/>
  <testcase name="blockCustomer" time="2.695" classname="com.mode.TestNG.CustomerTest"/>
  <testcase name="viewCustomer" time="3.459" classname="com.mode.TestNG.CustomerTest"/>
  <testcase name="logout" time="1.440" classname="com.mode.TestNG.CustomerTest"/>
  <testcase name="checkerLogout" time="1.401" classname="com.mode.TestNG.CustomerTest"/>
  <testcase name="registerCustomer" time="3.076" classname="com.mode.TestNG.CustomerTest"/>
  <testcase name="selectingCustomer" time="3.237" classname="com.mode.TestNG.CustomerTest"/>
  <testcase name="resetCustomerTPin" time="5.484" classname="com.mode.TestNG.CustomerTest"/>
  <testcase name="checkerLogin" time="3.450" classname="com.mode.TestNG.CustomerTest"/>
  <testcase name="resetCustomerMPin" time="5.799" classname="com.mode.TestNG.CustomerTest"/>
  <testcase name="submitRecord" time="3.870" classname="com.mode.TestNG.CustomerTest"/>
  <testcase name="auditLog" time="1.802" classname="com.mode.TestNG.CustomerTest"/>
  <testcase name="editCustomer" time="3.916" classname="com.mode.TestNG.CustomerTest"/>
  <testcase name="searchApproveCustomer" time="5.074" classname="com.mode.TestNG.CustomerTest"/>
  <testcase name="selectChecker" time="2.578" classname="com.mode.TestNG.CustomerTest"/>
  <testcase name="searchCustomer" time="5.134" classname="com.mode.TestNG.CustomerTest"/>
</testsuite> <!-- com.mode.TestNG.CustomerTest -->
