<?xml version="1.0" encoding="UTF-8"?>
<!-- Generated by org.testng.reporters.JUnitReportReporter -->
<testsuite hostname="MFSPLLAP44" name="com.mode.TestNG.ProfileTest" tests="7" failures="0" timestamp="21 Jun 2017 05:43:41 GMT" time="23.667" errors="0">
  <testcase name="systemUserLogin" time="2.298" classname="com.mode.TestNG.ProfileTest"/>
  <testcase name="UserLogout" time="1.415" classname="com.mode.TestNG.ProfileTest"/>
  <testcase name="UserLogin" time="2.665" classname="com.mode.TestNG.ProfileTest"/>
  <testcase name="updateProfile" time="5.184" classname="com.mode.TestNG.ProfileTest"/>
  <testcase name="systemUserLogin1" time="2.296" classname="com.mode.TestNG.ProfileTest"/>
  <testcase name="changePassword" time="6.297" classname="com.mode.TestNG.ProfileTest"/>
  <testcase name="updateSecurityQuestions" time="3.512" classname="com.mode.TestNG.ProfileTest"/>
</testsuite> <!-- com.mode.TestNG.ProfileTest -->
