<?xml version="1.0" encoding="UTF-8"?>
<!-- Generated by org.testng.reporters.JUnitReportReporter -->
<testsuite hostname="MFSPLLAP44" name="com.mode.TestNG.customerMaintenance.CustomerRequest" tests="17" failures="0" timestamp="23 Oct 2017 08:54:24 GMT" time="53.877" errors="0">
  <testcase name="logout" time="1.972" classname="com.mode.TestNG.customerMaintenance.CustomerRequest"/>
  <testcase name="checkerLogin" time="3.647" classname="com.mode.TestNG.customerMaintenance.CustomerRequest"/>
  <testcase name="selectChecker" time="3.199" classname="com.mode.TestNG.customerMaintenance.CustomerRequest"/>
  <testcase name="auditLog" time="1.785" classname="com.mode.TestNG.customerMaintenance.CustomerRequest"/>
  <testcase name="selectingMaker" time="2.980" classname="com.mode.TestNG.customerMaintenance.CustomerRequest"/>
  <testcase name="approve" time="1.637" classname="com.mode.TestNG.customerMaintenance.CustomerRequest"/>
  <testcase name="edit" time="5.733" classname="com.mode.TestNG.customerMaintenance.CustomerRequest"/>
  <testcase name="checkerLogout" time="1.377" classname="com.mode.TestNG.customerMaintenance.CustomerRequest"/>
  <testcase name="register" time="2.477" classname="com.mode.TestNG.customerMaintenance.CustomerRequest"/>
  <testcase name="selectAdmin" time="2.903" classname="com.mode.TestNG.customerMaintenance.CustomerRequest"/>
  <testcase name="searchAdmin" time="4.008" classname="com.mode.TestNG.customerMaintenance.CustomerRequest"/>
  <testcase name="login" time="2.838" classname="com.mode.TestNG.customerMaintenance.CustomerRequest"/>
  <testcase name="searchChecker" time="4.066" classname="com.mode.TestNG.customerMaintenance.CustomerRequest"/>
  <testcase name="view" time="3.445" classname="com.mode.TestNG.customerMaintenance.CustomerRequest"/>
  <testcase name="approvalHistory" time="2.260" classname="com.mode.TestNG.customerMaintenance.CustomerRequest"/>
  <testcase name="searchMaker" time="6.186" classname="com.mode.TestNG.customerMaintenance.CustomerRequest"/>
  <testcase name="submitRecord" time="3.364" classname="com.mode.TestNG.customerMaintenance.CustomerRequest"/>
</testsuite> <!-- com.mode.TestNG.customerMaintenance.CustomerRequest -->
