<?xml version="1.0" encoding="UTF-8"?>
<!-- Generated by org.testng.reporters.JUnitReportReporter -->
<testsuite hostname="MFSPLLAP44" name="com.mode.TestNG.jointAccount.JAApprover" tests="17" failures="0" timestamp="23 Oct 2017 09:38:28 GMT" time="55.812" errors="0">
  <testcase name="logout" time="1.629" classname="com.mode.TestNG.jointAccount.JAApprover"/>
  <testcase name="searchAdmin" time="4.016" classname="com.mode.TestNG.jointAccount.JAApprover"/>
  <testcase name="approvalHistory" time="2.258" classname="com.mode.TestNG.jointAccount.JAApprover"/>
  <testcase name="checkerLogin" time="3.521" classname="com.mode.TestNG.jointAccount.JAApprover"/>
  <testcase name="selectAdmin" time="2.874" classname="com.mode.TestNG.jointAccount.JAApprover"/>
  <testcase name="register" time="4.802" classname="com.mode.TestNG.jointAccount.JAApprover"/>
  <testcase name="edit" time="5.773" classname="com.mode.TestNG.jointAccount.JAApprover"/>
  <testcase name="selectingMaker" time="3.195" classname="com.mode.TestNG.jointAccount.JAApprover"/>
  <testcase name="searchMaker" time="6.166" classname="com.mode.TestNG.jointAccount.JAApprover"/>
  <testcase name="submitRecord" time="3.374" classname="com.mode.TestNG.jointAccount.JAApprover"/>
  <testcase name="checkerLogout" time="1.365" classname="com.mode.TestNG.jointAccount.JAApprover"/>
  <testcase name="searchChecker" time="4.121" classname="com.mode.TestNG.jointAccount.JAApprover"/>
  <testcase name="view" time="3.432" classname="com.mode.TestNG.jointAccount.JAApprover"/>
  <testcase name="selectChecker" time="3.056" classname="com.mode.TestNG.jointAccount.JAApprover"/>
  <testcase name="auditLog" time="1.779" classname="com.mode.TestNG.jointAccount.JAApprover"/>
  <testcase name="approve" time="1.427" classname="com.mode.TestNG.jointAccount.JAApprover"/>
  <testcase name="login" time="3.024" classname="com.mode.TestNG.jointAccount.JAApprover"/>
</testsuite> <!-- com.mode.TestNG.jointAccount.JAApprover -->
