<?xml version="1.0" encoding="UTF-8"?>
<!-- Generated by org.testng.reporters.JUnitReportReporter -->
<testsuite hostname="MFSPLLAP44" name="com.mode.TestNG.customerMaintenance.AccountRequest" tests="17" failures="0" timestamp="23 Oct 2017 08:57:27 GMT" time="54.204" errors="0">
  <testcase name="searchAdmin" time="4.037" classname="com.mode.TestNG.customerMaintenance.AccountRequest"/>
  <testcase name="register" time="2.971" classname="com.mode.TestNG.customerMaintenance.AccountRequest"/>
  <testcase name="searchMaker" time="6.198" classname="com.mode.TestNG.customerMaintenance.AccountRequest"/>
  <testcase name="submitRecord" time="3.509" classname="com.mode.TestNG.customerMaintenance.AccountRequest"/>
  <testcase name="selectingMaker" time="3.021" classname="com.mode.TestNG.customerMaintenance.AccountRequest"/>
  <testcase name="selectChecker" time="2.857" classname="com.mode.TestNG.customerMaintenance.AccountRequest"/>
  <testcase name="selectAdmin" time="2.847" classname="com.mode.TestNG.customerMaintenance.AccountRequest"/>
  <testcase name="checkerLogout" time="1.366" classname="com.mode.TestNG.customerMaintenance.AccountRequest"/>
  <testcase name="logout" time="1.513" classname="com.mode.TestNG.customerMaintenance.AccountRequest"/>
  <testcase name="view" time="3.377" classname="com.mode.TestNG.customerMaintenance.AccountRequest"/>
  <testcase name="edit" time="5.960" classname="com.mode.TestNG.customerMaintenance.AccountRequest"/>
  <testcase name="approvalHistory" time="2.273" classname="com.mode.TestNG.customerMaintenance.AccountRequest"/>
  <testcase name="auditLog" time="1.794" classname="com.mode.TestNG.customerMaintenance.AccountRequest"/>
  <testcase name="searchChecker" time="4.130" classname="com.mode.TestNG.customerMaintenance.AccountRequest"/>
  <testcase name="login" time="2.891" classname="com.mode.TestNG.customerMaintenance.AccountRequest"/>
  <testcase name="checkerLogin" time="3.766" classname="com.mode.TestNG.customerMaintenance.AccountRequest"/>
  <testcase name="approve" time="1.694" classname="com.mode.TestNG.customerMaintenance.AccountRequest"/>
</testsuite> <!-- com.mode.TestNG.customerMaintenance.AccountRequest -->
