<?xml version="1.0" encoding="UTF-8"?>
<!-- Generated by org.testng.reporters.JUnitReportReporter -->
<testsuite hostname="MFSPLLAP44" name="NewTest" tests="1" failures="0" timestamp="13 Mar 2017 07:08:30 GMT" time="0.012" errors="0">
  <testcase name="f" time="0.012" classname="NewTest"/>
</testsuite> <!-- NewTest -->
