<?xml version="1.0" encoding="UTF-8"?>
<!-- Generated by org.testng.reporters.JUnitReportReporter -->
<testsuite hostname="MFSPLLAP44" name="com.mode.TestNG.partners.Biller" tests="17" failures="0" timestamp="23 Oct 2017 09:15:04 GMT" time="59.963" errors="0">
  <testcase name="approvalHistory" time="2.256" classname="com.mode.TestNG.partners.Biller"/>
  <testcase name="searchChecker" time="6.114" classname="com.mode.TestNG.partners.Biller"/>
  <testcase name="checkerLogin" time="3.760" classname="com.mode.TestNG.partners.Biller"/>
  <testcase name="edit" time="5.811" classname="com.mode.TestNG.partners.Biller"/>
  <testcase name="checkerLogout" time="1.582" classname="com.mode.TestNG.partners.Biller"/>
  <testcase name="selectingMaker" time="3.183" classname="com.mode.TestNG.partners.Biller"/>
  <testcase name="selectChecker" time="2.948" classname="com.mode.TestNG.partners.Biller"/>
  <testcase name="approve" time="1.665" classname="com.mode.TestNG.partners.Biller"/>
  <testcase name="register" time="2.155" classname="com.mode.TestNG.partners.Biller"/>
  <testcase name="submitRecord" time="3.485" classname="com.mode.TestNG.partners.Biller"/>
  <testcase name="auditLog" time="2.772" classname="com.mode.TestNG.partners.Biller"/>
  <testcase name="selectAdmin" time="4.071" classname="com.mode.TestNG.partners.Biller"/>
  <testcase name="searchMaker" time="6.197" classname="com.mode.TestNG.partners.Biller"/>
  <testcase name="login" time="2.988" classname="com.mode.TestNG.partners.Biller"/>
  <testcase name="searchAdmin" time="6.020" classname="com.mode.TestNG.partners.Biller"/>
  <testcase name="logout" time="1.532" classname="com.mode.TestNG.partners.Biller"/>
  <testcase name="view" time="3.424" classname="com.mode.TestNG.partners.Biller"/>
</testsuite> <!-- com.mode.TestNG.partners.Biller -->
