<?xml version="1.0" encoding="UTF-8"?>
<!-- Generated by org.testng.reporters.JUnitReportReporter -->
<testsuite hostname="MFSPLLAP44" name="com.mode.TestNG.DBDeletion" tests="9" failures="0" timestamp="23 Oct 2017 10:03:08 GMT" time="0.861" errors="0">
  <testcase name="deleteBillerRecord" time="0.024" classname="com.mode.TestNG.DBDeletion"/>
  <testcase name="deleteJointAccountRecord" time="0.104" classname="com.mode.TestNG.DBDeletion"/>
  <testcase name="deleteAccountRecord" time="0.058" classname="com.mode.TestNG.DBDeletion"/>
  <testcase name="deleteUserRecord" time="0.020" classname="com.mode.TestNG.DBDeletion"/>
  <testcase name="deleteWalletCustomerRecord" time="0.023" classname="com.mode.TestNG.DBDeletion"/>
  <testcase name="deleteWalletAccountRecord" time="0.018" classname="com.mode.TestNG.DBDeletion"/>
  <testcase name="deleteJointAccountApproverRecord" time="0.018" classname="com.mode.TestNG.DBDeletion"/>
  <testcase name="deleteCustomerRecord" time="0.566" classname="com.mode.TestNG.DBDeletion"/>
  <testcase name="deleteProviderRecord" time="0.030" classname="com.mode.TestNG.DBDeletion"/>
</testsuite> <!-- com.mode.TestNG.DBDeletion -->
