<?xml version="1.0" encoding="UTF-8"?>
<!-- Generated by org.testng.reporters.JUnitReportReporter -->
<testsuite hostname="MFSPLLAP44" name="com.mode.TestNG.wallet.WalletDeposit" tests="17" failures="0" timestamp="23 Oct 2017 09:24:58 GMT" time="55.366" errors="0">
  <testcase name="approve" time="2.332" classname="com.mode.TestNG.wallet.WalletDeposit"/>
  <testcase name="view" time="3.443" classname="com.mode.TestNG.wallet.WalletDeposit"/>
  <testcase name="deposit" time="2.256" classname="com.mode.TestNG.wallet.WalletDeposit"/>
  <testcase name="logout" time="1.813" classname="com.mode.TestNG.wallet.WalletDeposit"/>
  <testcase name="searchAdmin" time="5.024" classname="com.mode.TestNG.wallet.WalletDeposit"/>
  <testcase name="selectingMaker" time="2.875" classname="com.mode.TestNG.wallet.WalletDeposit"/>
  <testcase name="auditLog" time="2.787" classname="com.mode.TestNG.wallet.WalletDeposit"/>
  <testcase name="searchChecker" time="5.405" classname="com.mode.TestNG.wallet.WalletDeposit"/>
  <testcase name="selectAdmin" time="2.347" classname="com.mode.TestNG.wallet.WalletDeposit"/>
  <testcase name="edit" time="5.806" classname="com.mode.TestNG.wallet.WalletDeposit"/>
  <testcase name="checkerLogout" time="1.554" classname="com.mode.TestNG.wallet.WalletDeposit"/>
  <testcase name="checkerLogin" time="3.596" classname="com.mode.TestNG.wallet.WalletDeposit"/>
  <testcase name="approvalHistory" time="2.269" classname="com.mode.TestNG.wallet.WalletDeposit"/>
  <testcase name="selectChecker" time="2.434" classname="com.mode.TestNG.wallet.WalletDeposit"/>
  <testcase name="searchMaker" time="5.117" classname="com.mode.TestNG.wallet.WalletDeposit"/>
  <testcase name="submitRecord" time="3.555" classname="com.mode.TestNG.wallet.WalletDeposit"/>
  <testcase name="login" time="2.753" classname="com.mode.TestNG.wallet.WalletDeposit"/>
</testsuite> <!-- com.mode.TestNG.wallet.WalletDeposit -->
